<?xml version="1.0" encoding="UTF-8"?>
<!-- Generated by org.testng.reporters.JUnitReportReporter -->
<testsuite hostname="Mukeshs-MacBook-Air.local" failures="0" tests="10" name="class50_testng.FirstTestNgTest" time="0.028" errors="0" timestamp="2024-02-08T07:49:04 IST" skipped="0">
  <testcase classname="class50_testng.FirstTestNgTest" name="test3" time="0.001"/>
  <system-out/>
  <testcase classname="class50_testng.FirstTestNgTest" name="test3" time="0.002"/>
  <system-out/>
  <testcase classname="class50_testng.FirstTestNgTest" name="test3" time="0.002"/>
  <system-out/>
  <testcase classname="class50_testng.FirstTestNgTest" name="test3" time="0.001"/>
  <system-out/>
  <testcase classname="class50_testng.FirstTestNgTest" name="test3" time="0.001"/>
  <system-out/>
  <testcase classname="class50_testng.FirstTestNgTest" name="test3" time="0.011"/>
  <system-out/>
  <testcase classname="class50_testng.FirstTestNgTest" name="test3" time="0.002"/>
  <system-out/>
  <testcase classname="class50_testng.FirstTestNgTest" name="test3" time="0.004"/>
  <system-out/>
  <testcase classname="class50_testng.FirstTestNgTest" name="test3" time="0.001"/>
  <system-out/>
  <testcase classname="class50_testng.FirstTestNgTest" name="test3" time="0.003"/>
  <system-out/>
</testsuite> <!-- class50_testng.FirstTestNgTest -->
