<?xml version="1.0" encoding="UTF-8"?>
<!-- Generated by org.testng.reporters.JUnitReportReporter -->
<testsuite hostname="Mukeshs-MacBook-Air.local" failures="0" tests="6" name="class50_testng.FirstTestNgTest2" time="0.016" errors="0" timestamp="2024-02-08T07:57:47 IST" skipped="0">
  <testcase classname="class50_testng.FirstTestNgTest2" name="createcourses" time="0.009"/>
  <system-out/>
  <testcase classname="class50_testng.FirstTestNgTest2" name="logintest" time="0.001"/>
  <system-out/>
  <testcase classname="class50_testng.FirstTestNgTest2" name="createcategory" time="0.002"/>
  <system-out/>
  <testcase classname="class50_testng.FirstTestNgTest2" name="deletecategory" time="0.002"/>
  <system-out/>
  <testcase classname="class50_testng.FirstTestNgTest2" name="deletecourses" time="0.001"/>
  <system-out/>
  <testcase classname="class50_testng.FirstTestNgTest2" name="logout" time="0.001"/>
  <system-out/>
</testsuite> <!-- class50_testng.FirstTestNgTest2 -->
